mode: atomic
github.com/bordenet/genesis/genesis-validator/cmd/genesis-validator/main.go:11.13,20.11 6 0
github.com/bordenet/genesis/genesis-validator/cmd/genesis-validator/main.go:20.11,23.3 2 0
github.com/bordenet/genesis/genesis-validator/cmd/genesis-validator/main.go:26.2,38.16 10 0
github.com/bordenet/genesis/genesis-validator/cmd/genesis-validator/main.go:38.16,41.3 2 0
github.com/bordenet/genesis/genesis-validator/cmd/genesis-validator/main.go:44.2,48.20 3 0
github.com/bordenet/genesis/genesis-validator/cmd/genesis-validator/main.go:48.20,50.3 1 0
github.com/bordenet/genesis/genesis-validator/cmd/genesis-validator/main.go:53.2,53.74 1 0
github.com/bordenet/genesis/genesis-validator/cmd/genesis-validator/main.go:53.74,62.3 7 0
github.com/bordenet/genesis/genesis-validator/cmd/genesis-validator/main.go:65.2,65.23 1 0
github.com/bordenet/genesis/genesis-validator/cmd/genesis-validator/main.go:65.23,67.3 1 0
github.com/bordenet/genesis/genesis-validator/cmd/genesis-validator/main.go:69.2,69.26 1 0
github.com/bordenet/genesis/genesis-validator/cmd/genesis-validator/main.go:69.26,71.3 1 0
github.com/bordenet/genesis/genesis-validator/cmd/genesis-validator/main.go:73.2,73.12 1 0
github.com/bordenet/genesis/genesis-validator/cmd/genesis-validator/main.go:76.18,97.2 20 0
github.com/bordenet/genesis/genesis-validator/cmd/genesis-validator/main.go:99.63,100.35 1 0
github.com/bordenet/genesis/genesis-validator/cmd/genesis-validator/main.go:100.35,102.45 2 0
github.com/bordenet/genesis/genesis-validator/cmd/genesis-validator/main.go:102.45,104.4 1 0
github.com/bordenet/genesis/genesis-validator/cmd/genesis-validator/main.go:105.3,105.16 1 0
github.com/bordenet/genesis/genesis-validator/cmd/genesis-validator/main.go:108.2,108.35 1 0
github.com/bordenet/genesis/genesis-validator/cmd/genesis-validator/main.go:108.35,110.45 2 0
github.com/bordenet/genesis/genesis-validator/cmd/genesis-validator/main.go:110.45,112.4 1 0
github.com/bordenet/genesis/genesis-validator/cmd/genesis-validator/main.go:113.3,113.16 1 0
github.com/bordenet/genesis/genesis-validator/cmd/genesis-validator/main.go:116.2,116.34 1 0
github.com/bordenet/genesis/genesis-validator/cmd/genesis-validator/main.go:116.34,118.44 2 0
github.com/bordenet/genesis/genesis-validator/cmd/genesis-validator/main.go:118.44,121.4 2 0
github.com/bordenet/genesis/genesis-validator/cmd/genesis-validator/main.go:122.3,122.16 1 0
github.com/bordenet/genesis/genesis-validator/cmd/genesis-validator/main.go:125.2,125.37 1 0
github.com/bordenet/genesis/genesis-validator/cmd/genesis-validator/main.go:125.37,127.46 2 0
github.com/bordenet/genesis/genesis-validator/cmd/genesis-validator/main.go:127.46,129.26 2 0
github.com/bordenet/genesis/genesis-validator/cmd/genesis-validator/main.go:129.26,131.5 1 0
github.com/bordenet/genesis/genesis-validator/cmd/genesis-validator/main.go:133.3,133.16 1 0
github.com/bordenet/genesis/genesis-validator/internal/validator/parser.go:16.40,18.2 1 6
github.com/bordenet/genesis/genesis-validator/internal/validator/parser.go:21.68,23.16 2 8
github.com/bordenet/genesis/genesis-validator/internal/validator/parser.go:23.16,25.3 1 1
github.com/bordenet/genesis/genesis-validator/internal/validator/parser.go:26.2,26.15 1 7
github.com/bordenet/genesis/genesis-validator/internal/validator/parser.go:26.15,28.3 1 7
github.com/bordenet/genesis/genesis-validator/internal/validator/parser.go:30.2,36.21 5 7
github.com/bordenet/genesis/genesis-validator/internal/validator/parser.go:36.21,42.28 4 45
github.com/bordenet/genesis/genesis-validator/internal/validator/parser.go:42.28,43.18 1 22
github.com/bordenet/genesis/genesis-validator/internal/validator/parser.go:43.18,46.5 2 22
github.com/bordenet/genesis/genesis-validator/internal/validator/parser.go:50.2,50.38 1 7
github.com/bordenet/genesis/genesis-validator/internal/validator/parser.go:50.38,52.3 1 0
github.com/bordenet/genesis/genesis-validator/internal/validator/parser.go:54.2,54.24 1 7
github.com/bordenet/genesis/genesis-validator/internal/validator/parser.go:58.58,69.29 4 51
github.com/bordenet/genesis/genesis-validator/internal/validator/parser.go:69.29,75.48 3 28
github.com/bordenet/genesis/genesis-validator/internal/validator/parser.go:75.48,77.4 1 0
github.com/bordenet/genesis/genesis-validator/internal/validator/parser.go:79.3,80.19 2 28
github.com/bordenet/genesis/genesis-validator/internal/validator/parser.go:85.2,86.69 2 51
github.com/bordenet/genesis/genesis-validator/internal/validator/parser.go:86.69,89.3 2 12
github.com/bordenet/genesis/genesis-validator/internal/validator/parser.go:93.2,94.75 2 39
github.com/bordenet/genesis/genesis-validator/internal/validator/parser.go:94.75,97.3 2 1
github.com/bordenet/genesis/genesis-validator/internal/validator/parser.go:101.2,102.71 2 38
github.com/bordenet/genesis/genesis-validator/internal/validator/parser.go:102.71,105.45 2 1
github.com/bordenet/genesis/genesis-validator/internal/validator/parser.go:105.45,107.4 1 1
github.com/bordenet/genesis/genesis-validator/internal/validator/parser.go:108.3,109.14 2 1
github.com/bordenet/genesis/genesis-validator/internal/validator/parser.go:114.2,114.42 1 37
github.com/bordenet/genesis/genesis-validator/internal/validator/parser.go:114.42,118.33 3 13
github.com/bordenet/genesis/genesis-validator/internal/validator/parser.go:118.33,120.4 1 14
github.com/bordenet/genesis/genesis-validator/internal/validator/parser.go:123.2,123.13 1 37
github.com/bordenet/genesis/genesis-validator/internal/validator/parser.go:127.62,132.16 3 3
github.com/bordenet/genesis/genesis-validator/internal/validator/parser.go:132.16,134.3 1 0
github.com/bordenet/genesis/genesis-validator/internal/validator/parser.go:135.2,139.16 3 3
github.com/bordenet/genesis/genesis-validator/internal/validator/parser.go:139.16,141.3 1 0
github.com/bordenet/genesis/genesis-validator/internal/validator/parser.go:142.2,144.20 2 3
github.com/bordenet/genesis/genesis-validator/internal/validator/prompt.go:14.58,16.2 1 6
github.com/bordenet/genesis/genesis-validator/internal/validator/prompt.go:19.75,20.47 1 5
github.com/bordenet/genesis/genesis-validator/internal/validator/prompt.go:20.47,22.3 1 1
github.com/bordenet/genesis/genesis-validator/internal/validator/prompt.go:24.2,36.28 10 4
github.com/bordenet/genesis/genesis-validator/internal/validator/prompt.go:36.28,38.37 2 1
github.com/bordenet/genesis/genesis-validator/internal/validator/prompt.go:38.37,40.4 1 2
github.com/bordenet/genesis/genesis-validator/internal/validator/prompt.go:41.3,41.27 1 1
github.com/bordenet/genesis/genesis-validator/internal/validator/prompt.go:44.2,44.35 1 4
github.com/bordenet/genesis/genesis-validator/internal/validator/prompt.go:44.35,47.45 3 1
github.com/bordenet/genesis/genesis-validator/internal/validator/prompt.go:47.45,49.4 1 2
github.com/bordenet/genesis/genesis-validator/internal/validator/prompt.go:50.3,53.74 4 1
github.com/bordenet/genesis/genesis-validator/internal/validator/prompt.go:56.2,56.34 1 4
github.com/bordenet/genesis/genesis-validator/internal/validator/prompt.go:56.34,59.44 3 1
github.com/bordenet/genesis/genesis-validator/internal/validator/prompt.go:59.44,63.4 3 2
github.com/bordenet/genesis/genesis-validator/internal/validator/prompt.go:64.3,66.95 3 1
github.com/bordenet/genesis/genesis-validator/internal/validator/prompt.go:69.2,69.37 1 4
github.com/bordenet/genesis/genesis-validator/internal/validator/prompt.go:69.37,74.46 3 1
github.com/bordenet/genesis/genesis-validator/internal/validator/prompt.go:74.46,76.4 1 1
github.com/bordenet/genesis/genesis-validator/internal/validator/prompt.go:78.3,78.80 1 1
github.com/bordenet/genesis/genesis-validator/internal/validator/prompt.go:78.80,80.38 2 1
github.com/bordenet/genesis/genesis-validator/internal/validator/prompt.go:80.38,83.5 2 1
github.com/bordenet/genesis/genesis-validator/internal/validator/prompt.go:84.4,84.100 1 1
github.com/bordenet/genesis/genesis-validator/internal/validator/prompt.go:88.2,110.24 20 4
github.com/bordenet/genesis/genesis-validator/internal/validator/scanner.go:15.42,17.2 1 6
github.com/bordenet/genesis/genesis-validator/internal/validator/scanner.go:20.53,23.99 2 4
github.com/bordenet/genesis/genesis-validator/internal/validator/scanner.go:23.99,24.17 1 28
github.com/bordenet/genesis/genesis-validator/internal/validator/scanner.go:24.17,26.4 1 0
github.com/bordenet/genesis/genesis-validator/internal/validator/scanner.go:29.3,29.19 1 28
github.com/bordenet/genesis/genesis-validator/internal/validator/scanner.go:29.19,31.4 1 13
github.com/bordenet/genesis/genesis-validator/internal/validator/scanner.go:34.3,34.36 1 15
github.com/bordenet/genesis/genesis-validator/internal/validator/scanner.go:34.36,37.18 2 14
github.com/bordenet/genesis/genesis-validator/internal/validator/scanner.go:37.18,39.5 1 0
github.com/bordenet/genesis/genesis-validator/internal/validator/scanner.go:40.4,40.42 1 14
github.com/bordenet/genesis/genesis-validator/internal/validator/scanner.go:43.3,43.13 1 15
github.com/bordenet/genesis/genesis-validator/internal/validator/scanner.go:46.2,46.16 1 4
github.com/bordenet/genesis/genesis-validator/internal/validator/scanner.go:46.16,48.3 1 0
github.com/bordenet/genesis/genesis-validator/internal/validator/scanner.go:50.2,50.23 1 4
github.com/bordenet/genesis/genesis-validator/internal/validator/scanner.go:54.56,56.45 1 21
github.com/bordenet/genesis/genesis-validator/internal/validator/scanner.go:56.45,58.3 1 11
github.com/bordenet/genesis/genesis-validator/internal/validator/scanner.go:61.2,61.46 1 10
github.com/bordenet/genesis/genesis-validator/internal/validator/scanner.go:61.46,63.3 1 6
github.com/bordenet/genesis/genesis-validator/internal/validator/scanner.go:65.2,65.14 1 4
github.com/bordenet/genesis/genesis-validator/internal/validator/scanner.go:69.48,72.2 2 2
github.com/bordenet/genesis/genesis-validator/internal/validator/types.go:24.43,28.2 1 18
github.com/bordenet/genesis/genesis-validator/internal/validator/types.go:31.47,33.2 1 7
github.com/bordenet/genesis/genesis-validator/internal/validator/types.go:36.45,37.37 1 4
github.com/bordenet/genesis/genesis-validator/internal/validator/types.go:37.37,40.3 1 2
github.com/bordenet/genesis/genesis-validator/internal/validator/types.go:42.2,49.16 7 2
github.com/bordenet/genesis/genesis-validator/internal/validator/types.go:63.30,72.2 1 12
github.com/bordenet/genesis/genesis-validator/internal/validator/validator.go:15.46,21.2 1 3
github.com/bordenet/genesis/genesis-validator/internal/validator/validator.go:24.59,31.16 3 3
github.com/bordenet/genesis/genesis-validator/internal/validator/validator.go:31.16,34.3 2 0
github.com/bordenet/genesis/genesis-validator/internal/validator/validator.go:35.2,37.22 2 3
github.com/bordenet/genesis/genesis-validator/internal/validator/validator.go:37.22,39.3 1 0
github.com/bordenet/genesis/genesis-validator/internal/validator/validator.go:42.2,43.16 2 3
github.com/bordenet/genesis/genesis-validator/internal/validator/validator.go:43.16,46.3 2 0
github.com/bordenet/genesis/genesis-validator/internal/validator/validator.go:49.2,50.33 2 3
github.com/bordenet/genesis/genesis-validator/internal/validator/validator.go:50.33,51.28 1 6
github.com/bordenet/genesis/genesis-validator/internal/validator/validator.go:51.28,54.4 2 19
github.com/bordenet/genesis/genesis-validator/internal/validator/validator.go:57.2,57.22 1 3
github.com/bordenet/genesis/genesis-validator/internal/validator/validator.go:57.22,59.3 1 0
github.com/bordenet/genesis/genesis-validator/internal/validator/validator.go:62.2,62.37 1 3
github.com/bordenet/genesis/genesis-validator/internal/validator/validator.go:62.37,63.31 1 10
github.com/bordenet/genesis/genesis-validator/internal/validator/validator.go:63.31,70.4 2 1
github.com/bordenet/genesis/genesis-validator/internal/validator/validator.go:74.2,75.37 2 3
github.com/bordenet/genesis/genesis-validator/internal/validator/validator.go:75.37,77.3 1 10
github.com/bordenet/genesis/genesis-validator/internal/validator/validator.go:79.2,79.33 1 3
github.com/bordenet/genesis/genesis-validator/internal/validator/validator.go:79.33,80.24 1 10
github.com/bordenet/genesis/genesis-validator/internal/validator/validator.go:80.24,89.4 3 1
github.com/bordenet/genesis/genesis-validator/internal/validator/validator.go:93.2,95.20 2 3
github.com/bordenet/genesis/genesis-validator/internal/validator/validator.go:99.96,101.47 2 3
github.com/bordenet/genesis/genesis-validator/internal/validator/validator.go:101.47,103.3 1 10
github.com/bordenet/genesis/genesis-validator/internal/validator/validator.go:105.2,106.59 2 3
github.com/bordenet/genesis/genesis-validator/internal/validator/validator.go:106.59,108.3 1 9
github.com/bordenet/genesis/genesis-validator/internal/validator/validator.go:111.2,111.29 1 3
github.com/bordenet/genesis/genesis-validator/internal/validator/validator.go:111.29,112.26 1 10
github.com/bordenet/genesis/genesis-validator/internal/validator/validator.go:112.26,119.4 1 1
github.com/bordenet/genesis/genesis-validator/internal/validator/validator.go:123.2,123.33 1 3
github.com/bordenet/genesis/genesis-validator/internal/validator/validator.go:123.33,124.22 1 9
github.com/bordenet/genesis/genesis-validator/internal/validator/validator.go:124.22,131.4 1 0
